-------------------------------------------------------------------------------
Test set: learn.spring.petclinic.PetClinicApplicationTests
-------------------------------------------------------------------------------
Tests run: 1, Failures: 0, Errors: 1, Skipped: 0, Time elapsed: 4.153 s <<< FAILURE! - in learn.spring.petclinic.PetClinicApplicationTests
contextLoads  Time elapsed: 0.001 s  <<< ERROR!
java.lang.IllegalStateException: Failed to load ApplicationContext
Caused by: org.springframework.beans.factory.UnsatisfiedDependencyException: Error creating bean with name 'dataLoader' defined in file [/Users/ivan/Desktop/courses/spring/pet-clinic-udemy/pet-clinic-web/target/classes/learn/spring/petclinic/bootstrap/DataLoader.class]: Unsatisfied dependency expressed through constructor parameter 0; nested exception is org.springframework.beans.factory.NoSuchBeanDefinitionException: No qualifying bean of type 'learn.spring.petclinic.service.OwnerService' available: expected at least 1 bean which qualifies as autowire candidate. Dependency annotations: {}
Caused by: org.springframework.beans.factory.NoSuchBeanDefinitionException: No qualifying bean of type 'learn.spring.petclinic.service.OwnerService' available: expected at least 1 bean which qualifies as autowire candidate. Dependency annotations: {}

